<?xml version="1.0" encoding="UTF-8"?>
<!-- Generated by org.testng.reporters.JUnitReportReporter -->
<testsuite hostname="DESKTOP-V20L4KL" failures="0" tests="1" name="com.test.java.classes.LocobuzzDataConsumptionAlertUIComponentsFunctionality" time="36.519" errors="0" timestamp="2022-08-18T09:58:42 IST" skipped="0">
  <testcase classname="com.test.java.classes.LocobuzzDataConsumptionAlertUIComponentsFunctionality" name="DataConsumptionAlert" time="36.519"/>
  <system-out/>
</testsuite> <!-- com.test.java.classes.LocobuzzDataConsumptionAlertUIComponentsFunctionality -->
