<?xml version="1.0" encoding="UTF-8"?>
<!-- Generated by org.testng.reporters.JUnitReportReporter -->
<testsuite hostname="DESKTOP-V20L4KL" failures="0" tests="1" name="com.test.java.classes.LocobuzzPublishPersonalizationWorkflowFunctionality" time="121.888" errors="0" timestamp="2022-09-27T15:28:26 IST" skipped="0">
  <testcase classname="com.test.java.classes.LocobuzzPublishPersonalizationWorkflowFunctionality" name="PublishPersonalization" time="121.888"/>
  <system-out/>
</testsuite> <!-- com.test.java.classes.LocobuzzPublishPersonalizationWorkflowFunctionality -->
