<?xml version="1.0" encoding="UTF-8"?>
<!-- Generated by org.testng.reporters.JUnitReportReporter -->
<testsuite hostname="DESKTOP-V20L4KL" failures="0" tests="1" name="com.test.java.classes.LocobuzzCannedResponseUIComponentsFunctionality" time="61.208" errors="0" timestamp="2022-07-13T17:58:17 IST" skipped="0">
  <testcase classname="com.test.java.classes.LocobuzzCannedResponseUIComponentsFunctionality" name="CannedResponse" time="61.208"/>
  <system-out/>
</testsuite> <!-- com.test.java.classes.LocobuzzCannedResponseUIComponentsFunctionality -->
