<?xml version="1.0" encoding="UTF-8"?>
<!-- Generated by org.testng.reporters.JUnitReportReporter -->
<testsuite hostname="DESKTOP-V20L4KL" failures="0" tests="1" name="com.test.java.classes.LocobuzzSocialSchedulingInstagramRejectWorkflowFunctionality" time="247.574" errors="0" timestamp="2022-11-10T13:02:21 IST" skipped="0">
  <testcase classname="com.test.java.classes.LocobuzzSocialSchedulingInstagramRejectWorkflowFunctionality" name="SocialScheduling" time="247.574"/>
  <system-out/>
</testsuite> <!-- com.test.java.classes.LocobuzzSocialSchedulingInstagramRejectWorkflowFunctionality -->
