<?xml version="1.0" encoding="UTF-8"?>
<!-- Generated by org.testng.reporters.JUnitReportReporter -->
<testsuite hostname="DESKTOP-V20L4KL" failures="0" tests="1" name="com.test.java.classes.LocobuzzSocialSchedulingGMBPublishedLaterWorkflowFunctionality" time="195.266" errors="0" timestamp="2022-11-11T11:08:42 IST" skipped="0">
  <testcase classname="com.test.java.classes.LocobuzzSocialSchedulingGMBPublishedLaterWorkflowFunctionality" name="SocialScheduling" time="195.266"/>
  <system-out/>
</testsuite> <!-- com.test.java.classes.LocobuzzSocialSchedulingGMBPublishedLaterWorkflowFunctionality -->
