<?xml version="1.0" encoding="UTF-8"?>
<!-- Generated by org.testng.reporters.JUnitReportReporter -->
<testsuite hostname="DESKTOP-V20L4KL" failures="0" tests="1" name="com.test.java.classes.LocobuzzEngagementFormulaWorkflowFunctionality" time="127.062" errors="0" timestamp="2022-07-14T11:17:23 IST" skipped="0">
  <testcase classname="com.test.java.classes.LocobuzzEngagementFormulaWorkflowFunctionality" name="EngagementFormula" time="127.062"/>
  <system-out/>
</testsuite> <!-- com.test.java.classes.LocobuzzEngagementFormulaWorkflowFunctionality -->
