<?xml version="1.0" encoding="UTF-8"?>
<!-- Generated by org.testng.reporters.JUnitReportReporter -->
<testsuite hostname="DESKTOP-V20L4KL" failures="0" tests="1" name="com.test.java.classes.TwitterTicketWorkflowFunctionality" time="402.446" errors="0" timestamp="2022-10-12T18:01:31 IST" skipped="0">
  <testcase classname="com.test.java.classes.TwitterTicketWorkflowFunctionality" name="ticketFunctionality" time="402.446"/>
  <system-out/>
</testsuite> <!-- com.test.java.classes.TwitterTicketWorkflowFunctionality -->
