<?xml version="1.0" encoding="UTF-8"?>
<!-- Generated by org.testng.reporters.JUnitReportReporter -->
<testsuite hostname="DESKTOP-V20L4KL" failures="0" tests="1" name="com.test.java.classes.LocobuzzEmailSettingsWorkProcessFunctionality" time="128.120" errors="0" timestamp="2022-08-03T09:51:27 IST" skipped="0">
  <testcase classname="com.test.java.classes.LocobuzzEmailSettingsWorkProcessFunctionality" name="EmailSettings" time="128.120"/>
  <system-out/>
</testsuite> <!-- com.test.java.classes.LocobuzzEmailSettingsWorkProcessFunctionality -->
