<?xml version="1.0" encoding="UTF-8"?>
<!-- Generated by org.testng.reporters.JUnitReportReporter -->
<testsuite hostname="DESKTOP-V20L4KL" failures="0" tests="1" name="com.test.java.classes.LocobuzzTokenExpiryAlertWorkflowFunctionality" time="127.170" errors="0" timestamp="2022-08-05T13:10:29 IST" skipped="0">
  <testcase classname="com.test.java.classes.LocobuzzTokenExpiryAlertWorkflowFunctionality" name="TokenExpiryAlert" time="127.170"/>
  <system-out/>
</testsuite> <!-- com.test.java.classes.LocobuzzTokenExpiryAlertWorkflowFunctionality -->
