<?xml version="1.0" encoding="UTF-8"?>
<!-- Generated by org.testng.reporters.JUnitReportReporter -->
<testsuite hostname="DESKTOP-V20L4KL" failures="0" tests="1" name="com.test.java.classes.LocobuzzMakerCheckerUIComponentsFunctionality" time="96.873" errors="0" timestamp="2022-09-01T16:49:05 IST" skipped="0">
  <testcase classname="com.test.java.classes.LocobuzzMakerCheckerUIComponentsFunctionality" name="MakerChecker" time="96.873"/>
  <system-out/>
</testsuite> <!-- com.test.java.classes.LocobuzzMakerCheckerUIComponentsFunctionality -->
