<?xml version="1.0" encoding="UTF-8"?>
<!-- Generated by org.testng.reporters.JUnitReportReporter -->
<testsuite hostname="DESKTOP-V20L4KL" failures="0" tests="1" name="com.test.java.classes.LocobuzzLanguageFilterUIComponentsFunctionality" time="47.816" errors="0" timestamp="2022-07-13T11:40:35 IST" skipped="0">
  <testcase classname="com.test.java.classes.LocobuzzLanguageFilterUIComponentsFunctionality" name="LanguageFilter" time="47.816"/>
  <system-out/>
</testsuite> <!-- com.test.java.classes.LocobuzzLanguageFilterUIComponentsFunctionality -->
