<?xml version="1.0" encoding="UTF-8"?>
<!-- Generated by org.testng.reporters.JUnitReportReporter -->
<testsuite hostname="DESKTOP-V20L4KL" failures="0" tests="1" name="com.test.java.classes.LocobuzzSocialSchedulingFacebookApprovalWorkflowFunctionality" time="253.219" errors="0" timestamp="2022-11-09T16:30:20 IST" skipped="0">
  <testcase classname="com.test.java.classes.LocobuzzSocialSchedulingFacebookApprovalWorkflowFunctionality" name="SocialScheduling" time="253.219"/>
  <system-out/>
</testsuite> <!-- com.test.java.classes.LocobuzzSocialSchedulingFacebookApprovalWorkflowFunctionality -->
