<?xml version="1.0" encoding="UTF-8"?>
<!-- Generated by org.testng.reporters.JUnitReportReporter -->
<testsuite hostname="DESKTOP-V20L4KL" failures="0" tests="1" name="com.test.java.classes.LocobuzzEscalationEmailsUIComponentsFunctionality" time="91.499" errors="0" timestamp="2022-08-10T18:06:36 IST" skipped="0">
  <testcase classname="com.test.java.classes.LocobuzzEscalationEmailsUIComponentsFunctionality" name="EscalationEmails" time="91.499"/>
  <system-out/>
</testsuite> <!-- com.test.java.classes.LocobuzzEscalationEmailsUIComponentsFunctionality -->
