<?xml version="1.0" encoding="UTF-8"?>
<!-- Generated by org.testng.reporters.JUnitReportReporter -->
<testsuite hostname="DESKTOP-V20L4KL" failures="0" tests="1" name="com.test.java.classes.LocobuzzLanguageFilterWorkFlowFunctionality" time="54.576" errors="0" timestamp="2022-07-13T11:44:36 IST" skipped="0">
  <testcase classname="com.test.java.classes.LocobuzzLanguageFilterWorkFlowFunctionality" name="LanguageFilter" time="54.576"/>
  <system-out/>
</testsuite> <!-- com.test.java.classes.LocobuzzLanguageFilterWorkFlowFunctionality -->
