<?xml version="1.0" encoding="UTF-8"?>
<!-- Generated by org.testng.reporters.JUnitReportReporter -->
<testsuite hostname="DESKTOP-V20L4KL" failures="0" tests="1" name="com.test.java.classes.LocobuzzSocialSchedulingGMBDraftWorkflowFunctionality" time="349.043" errors="0" timestamp="2022-11-11T10:40:48 IST" skipped="0">
  <testcase classname="com.test.java.classes.LocobuzzSocialSchedulingGMBDraftWorkflowFunctionality" name="SocialScheduling" time="349.043"/>
  <system-out/>
</testsuite> <!-- com.test.java.classes.LocobuzzSocialSchedulingGMBDraftWorkflowFunctionality -->
