<?xml version="1.0" encoding="UTF-8"?>
<!-- Generated by org.testng.reporters.JUnitReportReporter -->
<testsuite hostname="DESKTOP-V20L4KL" failures="0" tests="1" name="com.test.java.classes.LocobuzzSocialSchedulingFacebookPublishLaterWorkflowFunctionality" time="191.757" errors="0" timestamp="2022-11-09T16:36:45 IST" skipped="0">
  <testcase classname="com.test.java.classes.LocobuzzSocialSchedulingFacebookPublishLaterWorkflowFunctionality" name="SocialScheduling" time="191.757"/>
  <system-out/>
</testsuite> <!-- com.test.java.classes.LocobuzzSocialSchedulingFacebookPublishLaterWorkflowFunctionality -->
