<?xml version="1.0" encoding="UTF-8"?>
<!-- Generated by org.testng.reporters.JUnitReportReporter -->
<testsuite hostname="DESKTOP-V20L4KL" failures="0" tests="1" name="com.test.java.classes.LocobuzzHelpRaiseIssueUIComponentsFunctionality" time="44.359" errors="0" timestamp="2022-11-14T10:15:49 IST" skipped="0">
  <testcase classname="com.test.java.classes.LocobuzzHelpRaiseIssueUIComponentsFunctionality" name="HelpRaiseIssue" time="44.359"/>
  <system-out/>
</testsuite> <!-- com.test.java.classes.LocobuzzHelpRaiseIssueUIComponentsFunctionality -->
