<?xml version="1.0" encoding="UTF-8"?>
<!-- Generated by org.testng.reporters.JUnitReportReporter -->
<testsuite hostname="DESKTOP-V20L4KL" failures="0" tests="1" name="com.test.java.classes.LocobuzzMessagingWindowSettingsLayout1WorkflowFunctionality" time="86.229" errors="0" timestamp="2022-07-13T11:09:39 IST" skipped="0">
  <testcase classname="com.test.java.classes.LocobuzzMessagingWindowSettingsLayout1WorkflowFunctionality" name="MessagingWindowSettingsLayout1Flow" time="86.229"/>
  <system-out/>
</testsuite> <!-- com.test.java.classes.LocobuzzMessagingWindowSettingsLayout1WorkflowFunctionality -->
