<?xml version="1.0" encoding="UTF-8"?>
<!-- Generated by org.testng.reporters.JUnitReportReporter -->
<testsuite hostname="DESKTOP-V20L4KL" failures="0" tests="1" name="com.test.java.classes.LocobuzzPriorityConfigurationUIComponentsFunctionality" time="54.228" errors="0" timestamp="2022-07-13T16:20:04 IST" skipped="0">
  <testcase classname="com.test.java.classes.LocobuzzPriorityConfigurationUIComponentsFunctionality" name="PriorityConfiguration" time="54.228"/>
  <system-out/>
</testsuite> <!-- com.test.java.classes.LocobuzzPriorityConfigurationUIComponentsFunctionality -->
